[debug] [2022-06-13T10:09:37.198Z] ----------------------------------------------------------------------
[debug] [2022-06-13T10:09:37.200Z] Command:       /usr/local/bin/node /usr/local/bin/firebase init
[debug] [2022-06-13T10:09:37.201Z] CLI Version:   11.0.0
[debug] [2022-06-13T10:09:37.201Z] Platform:      darwin
[debug] [2022-06-13T10:09:37.201Z] Node Version:  v16.14.0
[debug] [2022-06-13T10:09:37.202Z] Time:          Mon Jun 13 2022 12:09:37 GMT+0200 (Central European Summer Time)
[debug] [2022-06-13T10:09:37.202Z] ----------------------------------------------------------------------
[debug] 
[debug] [2022-06-13T10:09:37.204Z] >>> [apiv2][query] GET https://firebase-public.firebaseio.com/cli.json [none]
[debug] [2022-06-13T10:09:37.271Z] > command requires scopes: ["email","openid","https://www.googleapis.com/auth/cloudplatformprojects.readonly","https://www.googleapis.com/auth/firebase","https://www.googleapis.com/auth/cloud-platform"]
[debug] [2022-06-13T10:09:37.271Z] > authorizing via signed-in user (gerizbobo8@gmail.com)
[info] 
     ######## #### ########  ######## ########     ###     ######  ########
     ##        ##  ##     ## ##       ##     ##  ##   ##  ##       ##
     ######    ##  ########  ######   ########  #########  ######  ######
     ##        ##  ##    ##  ##       ##     ## ##     ##       ## ##
     ##       #### ##     ## ######## ########  ##     ##  ######  ########

You're about to initialize a Firebase project in this directory:

  /Users/gerizbobo/Downloads/src

Before we get started, keep in mind:

  * You are initializing within an existing Firebase project directory

[debug] [2022-06-13T10:09:37.869Z] <<< [apiv2][status] GET https://firebase-public.firebaseio.com/cli.json 200
[debug] [2022-06-13T10:09:37.870Z] <<< [apiv2][body] GET https://firebase-public.firebaseio.com/cli.json {"cloudBuildErrorAfter":1594252800000,"cloudBuildWarnAfter":1590019200000,"defaultNode10After":1594252800000,"minVersion":"3.0.5","node8DeploysDisabledAfter":1613390400000,"node8RuntimeDisabledAfter":1615809600000,"node8WarnAfter":1600128000000}
